[2022-12-30 02:14:46] local.ERROR: Modules\Anime\Jobs\DownloadM3u8 has been attempted too many times or run too long. The job may have previously timed out. {"exception":"[object] (Illuminate\\Queue\\MaxAttemptsExceededException(code: 0): Modules\\Anime\\Jobs\\DownloadM3u8 has been attempted too many times or run too long. The job may have previously timed out. at /workspaces/manga-cms/vendor/laravel/framework/src/Illuminate/Queue/Worker.php:746)
[stacktrace]
#0 /workspaces/manga-cms/vendor/laravel/framework/src/Illuminate/Queue/Worker.php(505): Illuminate\\Queue\\Worker->maxAttemptsExceededException(Object(Illuminate\\Queue\\Jobs\\RedisJob))
#1 /workspaces/manga-cms/vendor/laravel/framework/src/Illuminate/Queue/Worker.php(415): Illuminate\\Queue\\Worker->markJobAsFailedIfAlreadyExceedsMaxAttempts('redis', Object(Illuminate\\Queue\\Jobs\\RedisJob), 1)
#2 /workspaces/manga-cms/vendor/laravel/framework/src/Illuminate/Queue/Worker.php(375): Illuminate\\Queue\\Worker->process('redis', Object(Illuminate\\Queue\\Jobs\\RedisJob), Object(Illuminate\\Queue\\WorkerOptions))
#3 /workspaces/manga-cms/vendor/laravel/framework/src/Illuminate/Queue/Worker.php(326): Illuminate\\Queue\\Worker->runJob(Object(Illuminate\\Queue\\Jobs\\RedisJob), 'redis', Object(Illuminate\\Queue\\WorkerOptions))
#4 /workspaces/manga-cms/vendor/laravel/framework/src/Illuminate/Queue/Console/WorkCommand.php(147): Illuminate\\Queue\\Worker->runNextJob('redis', 'default', Object(Illuminate\\Queue\\WorkerOptions))
#5 /workspaces/manga-cms/vendor/laravel/framework/src/Illuminate/Queue/Console/WorkCommand.php(130): Illuminate\\Queue\\Console\\WorkCommand->runWorker('redis', 'default')
#6 /workspaces/manga-cms/vendor/laravel/framework/src/Illuminate/Container/BoundMethod.php(36): Illuminate\\Queue\\Console\\WorkCommand->handle()
#7 /workspaces/manga-cms/vendor/laravel/framework/src/Illuminate/Container/Util.php(41): Illuminate\\Container\\BoundMethod::Illuminate\\Container\\{closure}()
#8 /workspaces/manga-cms/vendor/laravel/framework/src/Illuminate/Container/BoundMethod.php(93): Illuminate\\Container\\Util::unwrapIfClosure(Object(Closure))
#9 /workspaces/manga-cms/vendor/laravel/framework/src/Illuminate/Container/BoundMethod.php(37): Illuminate\\Container\\BoundMethod::callBoundMethod(Object(Illuminate\\Foundation\\Application), Array, Object(Closure))
#10 /workspaces/manga-cms/vendor/laravel/framework/src/Illuminate/Container/Container.php(651): Illuminate\\Container\\BoundMethod::call(Object(Illuminate\\Foundation\\Application), Array, Array, NULL)
#11 /workspaces/manga-cms/vendor/laravel/framework/src/Illuminate/Console/Command.php(182): Illuminate\\Container\\Container->call(Array)
#12 /workspaces/manga-cms/vendor/symfony/console/Command/Command.php(291): Illuminate\\Console\\Command->execute(Object(Symfony\\Component\\Console\\Input\\ArgvInput), Object(Illuminate\\Console\\OutputStyle))
#13 /workspaces/manga-cms/vendor/laravel/framework/src/Illuminate/Console/Command.php(152): Symfony\\Component\\Console\\Command\\Command->run(Object(Symfony\\Component\\Console\\Input\\ArgvInput), Object(Illuminate\\Console\\OutputStyle))
#14 /workspaces/manga-cms/vendor/symfony/console/Application.php(1014): Illuminate\\Console\\Command->run(Object(Symfony\\Component\\Console\\Input\\ArgvInput), Object(Symfony\\Component\\Console\\Output\\ConsoleOutput))
#15 /workspaces/manga-cms/vendor/symfony/console/Application.php(301): Symfony\\Component\\Console\\Application->doRunCommand(Object(Illuminate\\Queue\\Console\\WorkCommand), Object(Symfony\\Component\\Console\\Input\\ArgvInput), Object(Symfony\\Component\\Console\\Output\\ConsoleOutput))
#16 /workspaces/manga-cms/vendor/symfony/console/Application.php(171): Symfony\\Component\\Console\\Application->doRun(Object(Symfony\\Component\\Console\\Input\\ArgvInput), Object(Symfony\\Component\\Console\\Output\\ConsoleOutput))
#17 /workspaces/manga-cms/vendor/laravel/framework/src/Illuminate/Console/Application.php(102): Symfony\\Component\\Console\\Application->run(Object(Symfony\\Component\\Console\\Input\\ArgvInput), Object(Symfony\\Component\\Console\\Output\\ConsoleOutput))
#18 /workspaces/manga-cms/vendor/laravel/framework/src/Illuminate/Foundation/Console/Kernel.php(155): Illuminate\\Console\\Application->run(Object(Symfony\\Component\\Console\\Input\\ArgvInput), Object(Symfony\\Component\\Console\\Output\\ConsoleOutput))
#19 /workspaces/manga-cms/artisan(37): Illuminate\\Foundation\\Console\\Kernel->handle(Object(Symfony\\Component\\Console\\Input\\ArgvInput), Object(Symfony\\Component\\Console\\Output\\ConsoleOutput))
#20 {main}
"} 
[2022-12-30 02:16:03] local.ERROR: Command "migrate:" is ambiguous.
Did you mean one of these?
    migrate:fresh    Drop all tables and re-run all migrations
    migrate:install  Create the migration repository
    migrate:refresh  Reset and re-run all migrations
    migrate:reset    Rollback all database migrations
    migrate:rollback Rollback the last database migration
    migrate:status   Show the status of each migration. {"exception":"[object] (Symfony\\Component\\Console\\Exception\\CommandNotFoundException(code: 0): Command \"migrate:\" is ambiguous.
Did you mean one of these?
    migrate:fresh    Drop all tables and re-run all migrations
    migrate:install  Create the migration repository
    migrate:refresh  Reset and re-run all migrations
    migrate:reset    Rollback all database migrations
    migrate:rollback Rollback the last database migration
    migrate:status   Show the status of each migration. at /workspaces/manga-cms/vendor/symfony/console/Application.php:735)
[stacktrace]
#0 /workspaces/manga-cms/vendor/symfony/console/Application.php(259): Symfony\\Component\\Console\\Application->find('migrate:')
#1 /workspaces/manga-cms/vendor/symfony/console/Application.php(171): Symfony\\Component\\Console\\Application->doRun(Object(Symfony\\Component\\Console\\Input\\ArgvInput), Object(Symfony\\Component\\Console\\Output\\ConsoleOutput))
#2 /workspaces/manga-cms/vendor/laravel/framework/src/Illuminate/Console/Application.php(102): Symfony\\Component\\Console\\Application->run(Object(Symfony\\Component\\Console\\Input\\ArgvInput), Object(Symfony\\Component\\Console\\Output\\ConsoleOutput))
#3 /workspaces/manga-cms/vendor/laravel/framework/src/Illuminate/Foundation/Console/Kernel.php(155): Illuminate\\Console\\Application->run(Object(Symfony\\Component\\Console\\Input\\ArgvInput), Object(Symfony\\Component\\Console\\Output\\ConsoleOutput))
#4 /workspaces/manga-cms/artisan(37): Illuminate\\Foundation\\Console\\Kernel->handle(Object(Symfony\\Component\\Console\\Input\\ArgvInput), Object(Symfony\\Component\\Console\\Output\\ConsoleOutput))
#5 {main}
"} 
[2022-12-30 02:17:02] local.ERROR: chmod(): No such file or directory {"exception":"[object] (ErrorException(code: 0): chmod(): No such file or directory at /workspaces/manga-cms/Modules/Anime/Jobs/DownloadM3u8.php:60)
[stacktrace]
#0 /workspaces/manga-cms/vendor/laravel/framework/src/Illuminate/Foundation/Bootstrap/HandleExceptions.php(266): Illuminate\\Foundation\\Bootstrap\\HandleExceptions->handleError(2, 'chmod(): No suc...', '/workspaces/man...', 60)
#1 [internal function]: Illuminate\\Foundation\\Bootstrap\\HandleExceptions->Illuminate\\Foundation\\Bootstrap\\{closure}(2, 'chmod(): No suc...', '/workspaces/man...', 60)
#2 /workspaces/manga-cms/Modules/Anime/Jobs/DownloadM3u8.php(60): chmod('/tmp/iem_concat...', 511)
#3 /workspaces/manga-cms/vendor/laravel/framework/src/Illuminate/Container/BoundMethod.php(36): Modules\\Anime\\Jobs\\DownloadM3u8->handle()
#4 /workspaces/manga-cms/vendor/laravel/framework/src/Illuminate/Container/Util.php(41): Illuminate\\Container\\BoundMethod::Illuminate\\Container\\{closure}()
#5 /workspaces/manga-cms/vendor/laravel/framework/src/Illuminate/Container/BoundMethod.php(93): Illuminate\\Container\\Util::unwrapIfClosure(Object(Closure))
#6 /workspaces/manga-cms/vendor/laravel/framework/src/Illuminate/Container/BoundMethod.php(37): Illuminate\\Container\\BoundMethod::callBoundMethod(Object(Illuminate\\Foundation\\Application), Array, Object(Closure))
#7 /workspaces/manga-cms/vendor/laravel/framework/src/Illuminate/Container/Container.php(651): Illuminate\\Container\\BoundMethod::call(Object(Illuminate\\Foundation\\Application), Array, Array, NULL)
#8 /workspaces/manga-cms/vendor/laravel/framework/src/Illuminate/Bus/Dispatcher.php(128): Illuminate\\Container\\Container->call(Array)
#9 /workspaces/manga-cms/vendor/laravel/framework/src/Illuminate/Pipeline/Pipeline.php(141): Illuminate\\Bus\\Dispatcher->Illuminate\\Bus\\{closure}(Object(Modules\\Anime\\Jobs\\DownloadM3u8))
#10 /workspaces/manga-cms/vendor/laravel/framework/src/Illuminate/Pipeline/Pipeline.php(116): Illuminate\\Pipeline\\Pipeline->Illuminate\\Pipeline\\{closure}(Object(Modules\\Anime\\Jobs\\DownloadM3u8))
#11 /workspaces/manga-cms/vendor/laravel/framework/src/Illuminate/Bus/Dispatcher.php(132): Illuminate\\Pipeline\\Pipeline->then(Object(Closure))
#12 /workspaces/manga-cms/vendor/laravel/framework/src/Illuminate/Queue/CallQueuedHandler.php(124): Illuminate\\Bus\\Dispatcher->dispatchNow(Object(Modules\\Anime\\Jobs\\DownloadM3u8), false)
#13 /workspaces/manga-cms/vendor/laravel/framework/src/Illuminate/Pipeline/Pipeline.php(141): Illuminate\\Queue\\CallQueuedHandler->Illuminate\\Queue\\{closure}(Object(Modules\\Anime\\Jobs\\DownloadM3u8))
#14 /workspaces/manga-cms/vendor/laravel/framework/src/Illuminate/Pipeline/Pipeline.php(116): Illuminate\\Pipeline\\Pipeline->Illuminate\\Pipeline\\{closure}(Object(Modules\\Anime\\Jobs\\DownloadM3u8))
#15 /workspaces/manga-cms/vendor/laravel/framework/src/Illuminate/Queue/CallQueuedHandler.php(126): Illuminate\\Pipeline\\Pipeline->then(Object(Closure))
#16 /workspaces/manga-cms/vendor/laravel/framework/src/Illuminate/Queue/CallQueuedHandler.php(70): Illuminate\\Queue\\CallQueuedHandler->dispatchThroughMiddleware(Object(Illuminate\\Queue\\Jobs\\RedisJob), Object(Modules\\Anime\\Jobs\\DownloadM3u8))
#17 /workspaces/manga-cms/vendor/laravel/framework/src/Illuminate/Queue/Jobs/Job.php(98): Illuminate\\Queue\\CallQueuedHandler->call(Object(Illuminate\\Queue\\Jobs\\RedisJob), Array)
#18 /workspaces/manga-cms/vendor/laravel/framework/src/Illuminate/Queue/Worker.php(425): Illuminate\\Queue\\Jobs\\Job->fire()
#19 /workspaces/manga-cms/vendor/laravel/framework/src/Illuminate/Queue/Worker.php(375): Illuminate\\Queue\\Worker->process('redis', Object(Illuminate\\Queue\\Jobs\\RedisJob), Object(Illuminate\\Queue\\WorkerOptions))
#20 /workspaces/manga-cms/vendor/laravel/framework/src/Illuminate/Queue/Worker.php(326): Illuminate\\Queue\\Worker->runJob(Object(Illuminate\\Queue\\Jobs\\RedisJob), 'redis', Object(Illuminate\\Queue\\WorkerOptions))
#21 /workspaces/manga-cms/vendor/laravel/framework/src/Illuminate/Queue/Console/WorkCommand.php(147): Illuminate\\Queue\\Worker->runNextJob('redis', 'default', Object(Illuminate\\Queue\\WorkerOptions))
#22 /workspaces/manga-cms/vendor/laravel/framework/src/Illuminate/Queue/Console/WorkCommand.php(130): Illuminate\\Queue\\Console\\WorkCommand->runWorker('redis', 'default')
#23 /workspaces/manga-cms/vendor/laravel/framework/src/Illuminate/Container/BoundMethod.php(36): Illuminate\\Queue\\Console\\WorkCommand->handle()
#24 /workspaces/manga-cms/vendor/laravel/framework/src/Illuminate/Container/Util.php(41): Illuminate\\Container\\BoundMethod::Illuminate\\Container\\{closure}()
#25 /workspaces/manga-cms/vendor/laravel/framework/src/Illuminate/Container/BoundMethod.php(93): Illuminate\\Container\\Util::unwrapIfClosure(Object(Closure))
#26 /workspaces/manga-cms/vendor/laravel/framework/src/Illuminate/Container/BoundMethod.php(37): Illuminate\\Container\\BoundMethod::callBoundMethod(Object(Illuminate\\Foundation\\Application), Array, Object(Closure))
#27 /workspaces/manga-cms/vendor/laravel/framework/src/Illuminate/Container/Container.php(651): Illuminate\\Container\\BoundMethod::call(Object(Illuminate\\Foundation\\Application), Array, Array, NULL)
#28 /workspaces/manga-cms/vendor/laravel/framework/src/Illuminate/Console/Command.php(182): Illuminate\\Container\\Container->call(Array)
#29 /workspaces/manga-cms/vendor/symfony/console/Command/Command.php(291): Illuminate\\Console\\Command->execute(Object(Symfony\\Component\\Console\\Input\\ArgvInput), Object(Illuminate\\Console\\OutputStyle))
#30 /workspaces/manga-cms/vendor/laravel/framework/src/Illuminate/Console/Command.php(152): Symfony\\Component\\Console\\Command\\Command->run(Object(Symfony\\Component\\Console\\Input\\ArgvInput), Object(Illuminate\\Console\\OutputStyle))
#31 /workspaces/manga-cms/vendor/symfony/console/Application.php(1014): Illuminate\\Console\\Command->run(Object(Symfony\\Component\\Console\\Input\\ArgvInput), Object(Symfony\\Component\\Console\\Output\\ConsoleOutput))
#32 /workspaces/manga-cms/vendor/symfony/console/Application.php(301): Symfony\\Component\\Console\\Application->doRunCommand(Object(Illuminate\\Queue\\Console\\WorkCommand), Object(Symfony\\Component\\Console\\Input\\ArgvInput), Object(Symfony\\Component\\Console\\Output\\ConsoleOutput))
#33 /workspaces/manga-cms/vendor/symfony/console/Application.php(171): Symfony\\Component\\Console\\Application->doRun(Object(Symfony\\Component\\Console\\Input\\ArgvInput), Object(Symfony\\Component\\Console\\Output\\ConsoleOutput))
#34 /workspaces/manga-cms/vendor/laravel/framework/src/Illuminate/Console/Application.php(102): Symfony\\Component\\Console\\Application->run(Object(Symfony\\Component\\Console\\Input\\ArgvInput), Object(Symfony\\Component\\Console\\Output\\ConsoleOutput))
#35 /workspaces/manga-cms/vendor/laravel/framework/src/Illuminate/Foundation/Console/Kernel.php(155): Illuminate\\Console\\Application->run(Object(Symfony\\Component\\Console\\Input\\ArgvInput), Object(Symfony\\Component\\Console\\Output\\ConsoleOutput))
#36 /workspaces/manga-cms/artisan(37): Illuminate\\Foundation\\Console\\Kernel->handle(Object(Symfony\\Component\\Console\\Input\\ArgvInput), Object(Symfony\\Component\\Console\\Output\\ConsoleOutput))
#37 {main}
"} 
[2022-12-30 02:17:47] local.ERROR: chmod(): No such file or directory {"exception":"[object] (ErrorException(code: 0): chmod(): No such file or directory at /workspaces/manga-cms/Modules/Anime/Jobs/DownloadM3u8.php:60)
[stacktrace]
#0 /workspaces/manga-cms/vendor/laravel/framework/src/Illuminate/Foundation/Bootstrap/HandleExceptions.php(266): Illuminate\\Foundation\\Bootstrap\\HandleExceptions->handleError(2, 'chmod(): No suc...', '/workspaces/man...', 60)
#1 [internal function]: Illuminate\\Foundation\\Bootstrap\\HandleExceptions->Illuminate\\Foundation\\Bootstrap\\{closure}(2, 'chmod(): No suc...', '/workspaces/man...', 60)
#2 /workspaces/manga-cms/Modules/Anime/Jobs/DownloadM3u8.php(60): chmod('/tmp/iem_concat...', 511)
#3 /workspaces/manga-cms/vendor/laravel/framework/src/Illuminate/Container/BoundMethod.php(36): Modules\\Anime\\Jobs\\DownloadM3u8->handle()
#4 /workspaces/manga-cms/vendor/laravel/framework/src/Illuminate/Container/Util.php(41): Illuminate\\Container\\BoundMethod::Illuminate\\Container\\{closure}()
#5 /workspaces/manga-cms/vendor/laravel/framework/src/Illuminate/Container/BoundMethod.php(93): Illuminate\\Container\\Util::unwrapIfClosure(Object(Closure))
#6 /workspaces/manga-cms/vendor/laravel/framework/src/Illuminate/Container/BoundMethod.php(37): Illuminate\\Container\\BoundMethod::callBoundMethod(Object(Illuminate\\Foundation\\Application), Array, Object(Closure))
#7 /workspaces/manga-cms/vendor/laravel/framework/src/Illuminate/Container/Container.php(651): Illuminate\\Container\\BoundMethod::call(Object(Illuminate\\Foundation\\Application), Array, Array, NULL)
#8 /workspaces/manga-cms/vendor/laravel/framework/src/Illuminate/Bus/Dispatcher.php(128): Illuminate\\Container\\Container->call(Array)
#9 /workspaces/manga-cms/vendor/laravel/framework/src/Illuminate/Pipeline/Pipeline.php(141): Illuminate\\Bus\\Dispatcher->Illuminate\\Bus\\{closure}(Object(Modules\\Anime\\Jobs\\DownloadM3u8))
#10 /workspaces/manga-cms/vendor/laravel/framework/src/Illuminate/Pipeline/Pipeline.php(116): Illuminate\\Pipeline\\Pipeline->Illuminate\\Pipeline\\{closure}(Object(Modules\\Anime\\Jobs\\DownloadM3u8))
#11 /workspaces/manga-cms/vendor/laravel/framework/src/Illuminate/Bus/Dispatcher.php(132): Illuminate\\Pipeline\\Pipeline->then(Object(Closure))
#12 /workspaces/manga-cms/vendor/laravel/framework/src/Illuminate/Queue/CallQueuedHandler.php(124): Illuminate\\Bus\\Dispatcher->dispatchNow(Object(Modules\\Anime\\Jobs\\DownloadM3u8), false)
#13 /workspaces/manga-cms/vendor/laravel/framework/src/Illuminate/Pipeline/Pipeline.php(141): Illuminate\\Queue\\CallQueuedHandler->Illuminate\\Queue\\{closure}(Object(Modules\\Anime\\Jobs\\DownloadM3u8))
#14 /workspaces/manga-cms/vendor/laravel/framework/src/Illuminate/Pipeline/Pipeline.php(116): Illuminate\\Pipeline\\Pipeline->Illuminate\\Pipeline\\{closure}(Object(Modules\\Anime\\Jobs\\DownloadM3u8))
#15 /workspaces/manga-cms/vendor/laravel/framework/src/Illuminate/Queue/CallQueuedHandler.php(126): Illuminate\\Pipeline\\Pipeline->then(Object(Closure))
#16 /workspaces/manga-cms/vendor/laravel/framework/src/Illuminate/Queue/CallQueuedHandler.php(70): Illuminate\\Queue\\CallQueuedHandler->dispatchThroughMiddleware(Object(Illuminate\\Queue\\Jobs\\RedisJob), Object(Modules\\Anime\\Jobs\\DownloadM3u8))
#17 /workspaces/manga-cms/vendor/laravel/framework/src/Illuminate/Queue/Jobs/Job.php(98): Illuminate\\Queue\\CallQueuedHandler->call(Object(Illuminate\\Queue\\Jobs\\RedisJob), Array)
#18 /workspaces/manga-cms/vendor/laravel/framework/src/Illuminate/Queue/Worker.php(425): Illuminate\\Queue\\Jobs\\Job->fire()
#19 /workspaces/manga-cms/vendor/laravel/framework/src/Illuminate/Queue/Worker.php(375): Illuminate\\Queue\\Worker->process('redis', Object(Illuminate\\Queue\\Jobs\\RedisJob), Object(Illuminate\\Queue\\WorkerOptions))
#20 /workspaces/manga-cms/vendor/laravel/framework/src/Illuminate/Queue/Worker.php(326): Illuminate\\Queue\\Worker->runJob(Object(Illuminate\\Queue\\Jobs\\RedisJob), 'redis', Object(Illuminate\\Queue\\WorkerOptions))
#21 /workspaces/manga-cms/vendor/laravel/framework/src/Illuminate/Queue/Console/WorkCommand.php(147): Illuminate\\Queue\\Worker->runNextJob('redis', 'default', Object(Illuminate\\Queue\\WorkerOptions))
#22 /workspaces/manga-cms/vendor/laravel/framework/src/Illuminate/Queue/Console/WorkCommand.php(130): Illuminate\\Queue\\Console\\WorkCommand->runWorker('redis', 'default')
#23 /workspaces/manga-cms/vendor/laravel/framework/src/Illuminate/Container/BoundMethod.php(36): Illuminate\\Queue\\Console\\WorkCommand->handle()
#24 /workspaces/manga-cms/vendor/laravel/framework/src/Illuminate/Container/Util.php(41): Illuminate\\Container\\BoundMethod::Illuminate\\Container\\{closure}()
#25 /workspaces/manga-cms/vendor/laravel/framework/src/Illuminate/Container/BoundMethod.php(93): Illuminate\\Container\\Util::unwrapIfClosure(Object(Closure))
#26 /workspaces/manga-cms/vendor/laravel/framework/src/Illuminate/Container/BoundMethod.php(37): Illuminate\\Container\\BoundMethod::callBoundMethod(Object(Illuminate\\Foundation\\Application), Array, Object(Closure))
#27 /workspaces/manga-cms/vendor/laravel/framework/src/Illuminate/Container/Container.php(651): Illuminate\\Container\\BoundMethod::call(Object(Illuminate\\Foundation\\Application), Array, Array, NULL)
#28 /workspaces/manga-cms/vendor/laravel/framework/src/Illuminate/Console/Command.php(182): Illuminate\\Container\\Container->call(Array)
#29 /workspaces/manga-cms/vendor/symfony/console/Command/Command.php(291): Illuminate\\Console\\Command->execute(Object(Symfony\\Component\\Console\\Input\\ArgvInput), Object(Illuminate\\Console\\OutputStyle))
#30 /workspaces/manga-cms/vendor/laravel/framework/src/Illuminate/Console/Command.php(152): Symfony\\Component\\Console\\Command\\Command->run(Object(Symfony\\Component\\Console\\Input\\ArgvInput), Object(Illuminate\\Console\\OutputStyle))
#31 /workspaces/manga-cms/vendor/symfony/console/Application.php(1014): Illuminate\\Console\\Command->run(Object(Symfony\\Component\\Console\\Input\\ArgvInput), Object(Symfony\\Component\\Console\\Output\\ConsoleOutput))
#32 /workspaces/manga-cms/vendor/symfony/console/Application.php(301): Symfony\\Component\\Console\\Application->doRunCommand(Object(Illuminate\\Queue\\Console\\WorkCommand), Object(Symfony\\Component\\Console\\Input\\ArgvInput), Object(Symfony\\Component\\Console\\Output\\ConsoleOutput))
#33 /workspaces/manga-cms/vendor/symfony/console/Application.php(171): Symfony\\Component\\Console\\Application->doRun(Object(Symfony\\Component\\Console\\Input\\ArgvInput), Object(Symfony\\Component\\Console\\Output\\ConsoleOutput))
#34 /workspaces/manga-cms/vendor/laravel/framework/src/Illuminate/Console/Application.php(102): Symfony\\Component\\Console\\Application->run(Object(Symfony\\Component\\Console\\Input\\ArgvInput), Object(Symfony\\Component\\Console\\Output\\ConsoleOutput))
#35 /workspaces/manga-cms/vendor/laravel/framework/src/Illuminate/Foundation/Console/Kernel.php(155): Illuminate\\Console\\Application->run(Object(Symfony\\Component\\Console\\Input\\ArgvInput), Object(Symfony\\Component\\Console\\Output\\ConsoleOutput))
#36 /workspaces/manga-cms/artisan(37): Illuminate\\Foundation\\Console\\Kernel->handle(Object(Symfony\\Component\\Console\\Input\\ArgvInput), Object(Symfony\\Component\\Console\\Output\\ConsoleOutput))
#37 {main}
"} 
[2022-12-30 02:18:05] local.ERROR: chmod(): No such file or directory {"exception":"[object] (ErrorException(code: 0): chmod(): No such file or directory at /workspaces/manga-cms/Modules/Anime/Jobs/DownloadM3u8.php:60)
[stacktrace]
#0 /workspaces/manga-cms/vendor/laravel/framework/src/Illuminate/Foundation/Bootstrap/HandleExceptions.php(266): Illuminate\\Foundation\\Bootstrap\\HandleExceptions->handleError(2, 'chmod(): No suc...', '/workspaces/man...', 60)
#1 [internal function]: Illuminate\\Foundation\\Bootstrap\\HandleExceptions->Illuminate\\Foundation\\Bootstrap\\{closure}(2, 'chmod(): No suc...', '/workspaces/man...', 60)
#2 /workspaces/manga-cms/Modules/Anime/Jobs/DownloadM3u8.php(60): chmod('/tmp/iem_concat...', 511)
#3 /workspaces/manga-cms/vendor/laravel/framework/src/Illuminate/Container/BoundMethod.php(36): Modules\\Anime\\Jobs\\DownloadM3u8->handle()
#4 /workspaces/manga-cms/vendor/laravel/framework/src/Illuminate/Container/Util.php(41): Illuminate\\Container\\BoundMethod::Illuminate\\Container\\{closure}()
#5 /workspaces/manga-cms/vendor/laravel/framework/src/Illuminate/Container/BoundMethod.php(93): Illuminate\\Container\\Util::unwrapIfClosure(Object(Closure))
#6 /workspaces/manga-cms/vendor/laravel/framework/src/Illuminate/Container/BoundMethod.php(37): Illuminate\\Container\\BoundMethod::callBoundMethod(Object(Illuminate\\Foundation\\Application), Array, Object(Closure))
#7 /workspaces/manga-cms/vendor/laravel/framework/src/Illuminate/Container/Container.php(651): Illuminate\\Container\\BoundMethod::call(Object(Illuminate\\Foundation\\Application), Array, Array, NULL)
#8 /workspaces/manga-cms/vendor/laravel/framework/src/Illuminate/Bus/Dispatcher.php(128): Illuminate\\Container\\Container->call(Array)
#9 /workspaces/manga-cms/vendor/laravel/framework/src/Illuminate/Pipeline/Pipeline.php(141): Illuminate\\Bus\\Dispatcher->Illuminate\\Bus\\{closure}(Object(Modules\\Anime\\Jobs\\DownloadM3u8))
#10 /workspaces/manga-cms/vendor/laravel/framework/src/Illuminate/Pipeline/Pipeline.php(116): Illuminate\\Pipeline\\Pipeline->Illuminate\\Pipeline\\{closure}(Object(Modules\\Anime\\Jobs\\DownloadM3u8))
#11 /workspaces/manga-cms/vendor/laravel/framework/src/Illuminate/Bus/Dispatcher.php(132): Illuminate\\Pipeline\\Pipeline->then(Object(Closure))
#12 /workspaces/manga-cms/vendor/laravel/framework/src/Illuminate/Queue/CallQueuedHandler.php(124): Illuminate\\Bus\\Dispatcher->dispatchNow(Object(Modules\\Anime\\Jobs\\DownloadM3u8), false)
#13 /workspaces/manga-cms/vendor/laravel/framework/src/Illuminate/Pipeline/Pipeline.php(141): Illuminate\\Queue\\CallQueuedHandler->Illuminate\\Queue\\{closure}(Object(Modules\\Anime\\Jobs\\DownloadM3u8))
#14 /workspaces/manga-cms/vendor/laravel/framework/src/Illuminate/Pipeline/Pipeline.php(116): Illuminate\\Pipeline\\Pipeline->Illuminate\\Pipeline\\{closure}(Object(Modules\\Anime\\Jobs\\DownloadM3u8))
#15 /workspaces/manga-cms/vendor/laravel/framework/src/Illuminate/Queue/CallQueuedHandler.php(126): Illuminate\\Pipeline\\Pipeline->then(Object(Closure))
#16 /workspaces/manga-cms/vendor/laravel/framework/src/Illuminate/Queue/CallQueuedHandler.php(70): Illuminate\\Queue\\CallQueuedHandler->dispatchThroughMiddleware(Object(Illuminate\\Queue\\Jobs\\RedisJob), Object(Modules\\Anime\\Jobs\\DownloadM3u8))
#17 /workspaces/manga-cms/vendor/laravel/framework/src/Illuminate/Queue/Jobs/Job.php(98): Illuminate\\Queue\\CallQueuedHandler->call(Object(Illuminate\\Queue\\Jobs\\RedisJob), Array)
#18 /workspaces/manga-cms/vendor/laravel/framework/src/Illuminate/Queue/Worker.php(425): Illuminate\\Queue\\Jobs\\Job->fire()
#19 /workspaces/manga-cms/vendor/laravel/framework/src/Illuminate/Queue/Worker.php(375): Illuminate\\Queue\\Worker->process('redis', Object(Illuminate\\Queue\\Jobs\\RedisJob), Object(Illuminate\\Queue\\WorkerOptions))
#20 /workspaces/manga-cms/vendor/laravel/framework/src/Illuminate/Queue/Worker.php(173): Illuminate\\Queue\\Worker->runJob(Object(Illuminate\\Queue\\Jobs\\RedisJob), 'redis', Object(Illuminate\\Queue\\WorkerOptions))
#21 /workspaces/manga-cms/vendor/laravel/framework/src/Illuminate/Queue/Console/WorkCommand.php(147): Illuminate\\Queue\\Worker->daemon('redis', 'default', Object(Illuminate\\Queue\\WorkerOptions))
#22 /workspaces/manga-cms/vendor/laravel/framework/src/Illuminate/Queue/Console/WorkCommand.php(130): Illuminate\\Queue\\Console\\WorkCommand->runWorker('redis', 'default')
#23 /workspaces/manga-cms/vendor/laravel/framework/src/Illuminate/Container/BoundMethod.php(36): Illuminate\\Queue\\Console\\WorkCommand->handle()
#24 /workspaces/manga-cms/vendor/laravel/framework/src/Illuminate/Container/Util.php(41): Illuminate\\Container\\BoundMethod::Illuminate\\Container\\{closure}()
#25 /workspaces/manga-cms/vendor/laravel/framework/src/Illuminate/Container/BoundMethod.php(93): Illuminate\\Container\\Util::unwrapIfClosure(Object(Closure))
#26 /workspaces/manga-cms/vendor/laravel/framework/src/Illuminate/Container/BoundMethod.php(37): Illuminate\\Container\\BoundMethod::callBoundMethod(Object(Illuminate\\Foundation\\Application), Array, Object(Closure))
#27 /workspaces/manga-cms/vendor/laravel/framework/src/Illuminate/Container/Container.php(651): Illuminate\\Container\\BoundMethod::call(Object(Illuminate\\Foundation\\Application), Array, Array, NULL)
#28 /workspaces/manga-cms/vendor/laravel/framework/src/Illuminate/Console/Command.php(182): Illuminate\\Container\\Container->call(Array)
#29 /workspaces/manga-cms/vendor/symfony/console/Command/Command.php(291): Illuminate\\Console\\Command->execute(Object(Symfony\\Component\\Console\\Input\\ArgvInput), Object(Illuminate\\Console\\OutputStyle))
#30 /workspaces/manga-cms/vendor/laravel/framework/src/Illuminate/Console/Command.php(152): Symfony\\Component\\Console\\Command\\Command->run(Object(Symfony\\Component\\Console\\Input\\ArgvInput), Object(Illuminate\\Console\\OutputStyle))
#31 /workspaces/manga-cms/vendor/symfony/console/Application.php(1014): Illuminate\\Console\\Command->run(Object(Symfony\\Component\\Console\\Input\\ArgvInput), Object(Symfony\\Component\\Console\\Output\\ConsoleOutput))
#32 /workspaces/manga-cms/vendor/symfony/console/Application.php(301): Symfony\\Component\\Console\\Application->doRunCommand(Object(Illuminate\\Queue\\Console\\WorkCommand), Object(Symfony\\Component\\Console\\Input\\ArgvInput), Object(Symfony\\Component\\Console\\Output\\ConsoleOutput))
#33 /workspaces/manga-cms/vendor/symfony/console/Application.php(171): Symfony\\Component\\Console\\Application->doRun(Object(Symfony\\Component\\Console\\Input\\ArgvInput), Object(Symfony\\Component\\Console\\Output\\ConsoleOutput))
#34 /workspaces/manga-cms/vendor/laravel/framework/src/Illuminate/Console/Application.php(102): Symfony\\Component\\Console\\Application->run(Object(Symfony\\Component\\Console\\Input\\ArgvInput), Object(Symfony\\Component\\Console\\Output\\ConsoleOutput))
#35 /workspaces/manga-cms/vendor/laravel/framework/src/Illuminate/Foundation/Console/Kernel.php(155): Illuminate\\Console\\Application->run(Object(Symfony\\Component\\Console\\Input\\ArgvInput), Object(Symfony\\Component\\Console\\Output\\ConsoleOutput))
#36 /workspaces/manga-cms/artisan(37): Illuminate\\Foundation\\Console\\Kernel->handle(Object(Symfony\\Component\\Console\\Input\\ArgvInput), Object(Symfony\\Component\\Console\\Output\\ConsoleOutput))
#37 {main}
"} 
[2022-12-30 02:18:06] local.ERROR: chmod(): No such file or directory {"exception":"[object] (ErrorException(code: 0): chmod(): No such file or directory at /workspaces/manga-cms/Modules/Anime/Jobs/DownloadM3u8.php:60)
[stacktrace]
#0 /workspaces/manga-cms/vendor/laravel/framework/src/Illuminate/Foundation/Bootstrap/HandleExceptions.php(266): Illuminate\\Foundation\\Bootstrap\\HandleExceptions->handleError(2, 'chmod(): No suc...', '/workspaces/man...', 60)
#1 [internal function]: Illuminate\\Foundation\\Bootstrap\\HandleExceptions->Illuminate\\Foundation\\Bootstrap\\{closure}(2, 'chmod(): No suc...', '/workspaces/man...', 60)
#2 /workspaces/manga-cms/Modules/Anime/Jobs/DownloadM3u8.php(60): chmod('/tmp/iem_concat...', 511)
#3 /workspaces/manga-cms/vendor/laravel/framework/src/Illuminate/Container/BoundMethod.php(36): Modules\\Anime\\Jobs\\DownloadM3u8->handle()
#4 /workspaces/manga-cms/vendor/laravel/framework/src/Illuminate/Container/Util.php(41): Illuminate\\Container\\BoundMethod::Illuminate\\Container\\{closure}()
#5 /workspaces/manga-cms/vendor/laravel/framework/src/Illuminate/Container/BoundMethod.php(93): Illuminate\\Container\\Util::unwrapIfClosure(Object(Closure))
#6 /workspaces/manga-cms/vendor/laravel/framework/src/Illuminate/Container/BoundMethod.php(37): Illuminate\\Container\\BoundMethod::callBoundMethod(Object(Illuminate\\Foundation\\Application), Array, Object(Closure))
#7 /workspaces/manga-cms/vendor/laravel/framework/src/Illuminate/Container/Container.php(651): Illuminate\\Container\\BoundMethod::call(Object(Illuminate\\Foundation\\Application), Array, Array, NULL)
#8 /workspaces/manga-cms/vendor/laravel/framework/src/Illuminate/Bus/Dispatcher.php(128): Illuminate\\Container\\Container->call(Array)
#9 /workspaces/manga-cms/vendor/laravel/framework/src/Illuminate/Pipeline/Pipeline.php(141): Illuminate\\Bus\\Dispatcher->Illuminate\\Bus\\{closure}(Object(Modules\\Anime\\Jobs\\DownloadM3u8))
#10 /workspaces/manga-cms/vendor/laravel/framework/src/Illuminate/Pipeline/Pipeline.php(116): Illuminate\\Pipeline\\Pipeline->Illuminate\\Pipeline\\{closure}(Object(Modules\\Anime\\Jobs\\DownloadM3u8))
#11 /workspaces/manga-cms/vendor/laravel/framework/src/Illuminate/Bus/Dispatcher.php(132): Illuminate\\Pipeline\\Pipeline->then(Object(Closure))
#12 /workspaces/manga-cms/vendor/laravel/framework/src/Illuminate/Queue/CallQueuedHandler.php(124): Illuminate\\Bus\\Dispatcher->dispatchNow(Object(Modules\\Anime\\Jobs\\DownloadM3u8), false)
#13 /workspaces/manga-cms/vendor/laravel/framework/src/Illuminate/Pipeline/Pipeline.php(141): Illuminate\\Queue\\CallQueuedHandler->Illuminate\\Queue\\{closure}(Object(Modules\\Anime\\Jobs\\DownloadM3u8))
#14 /workspaces/manga-cms/vendor/laravel/framework/src/Illuminate/Pipeline/Pipeline.php(116): Illuminate\\Pipeline\\Pipeline->Illuminate\\Pipeline\\{closure}(Object(Modules\\Anime\\Jobs\\DownloadM3u8))
#15 /workspaces/manga-cms/vendor/laravel/framework/src/Illuminate/Queue/CallQueuedHandler.php(126): Illuminate\\Pipeline\\Pipeline->then(Object(Closure))
#16 /workspaces/manga-cms/vendor/laravel/framework/src/Illuminate/Queue/CallQueuedHandler.php(70): Illuminate\\Queue\\CallQueuedHandler->dispatchThroughMiddleware(Object(Illuminate\\Queue\\Jobs\\RedisJob), Object(Modules\\Anime\\Jobs\\DownloadM3u8))
#17 /workspaces/manga-cms/vendor/laravel/framework/src/Illuminate/Queue/Jobs/Job.php(98): Illuminate\\Queue\\CallQueuedHandler->call(Object(Illuminate\\Queue\\Jobs\\RedisJob), Array)
#18 /workspaces/manga-cms/vendor/laravel/framework/src/Illuminate/Queue/Worker.php(425): Illuminate\\Queue\\Jobs\\Job->fire()
#19 /workspaces/manga-cms/vendor/laravel/framework/src/Illuminate/Queue/Worker.php(375): Illuminate\\Queue\\Worker->process('redis', Object(Illuminate\\Queue\\Jobs\\RedisJob), Object(Illuminate\\Queue\\WorkerOptions))
#20 /workspaces/manga-cms/vendor/laravel/framework/src/Illuminate/Queue/Worker.php(173): Illuminate\\Queue\\Worker->runJob(Object(Illuminate\\Queue\\Jobs\\RedisJob), 'redis', Object(Illuminate\\Queue\\WorkerOptions))
#21 /workspaces/manga-cms/vendor/laravel/framework/src/Illuminate/Queue/Console/WorkCommand.php(147): Illuminate\\Queue\\Worker->daemon('redis', 'default', Object(Illuminate\\Queue\\WorkerOptions))
#22 /workspaces/manga-cms/vendor/laravel/framework/src/Illuminate/Queue/Console/WorkCommand.php(130): Illuminate\\Queue\\Console\\WorkCommand->runWorker('redis', 'default')
#23 /workspaces/manga-cms/vendor/laravel/framework/src/Illuminate/Container/BoundMethod.php(36): Illuminate\\Queue\\Console\\WorkCommand->handle()
#24 /workspaces/manga-cms/vendor/laravel/framework/src/Illuminate/Container/Util.php(41): Illuminate\\Container\\BoundMethod::Illuminate\\Container\\{closure}()
#25 /workspaces/manga-cms/vendor/laravel/framework/src/Illuminate/Container/BoundMethod.php(93): Illuminate\\Container\\Util::unwrapIfClosure(Object(Closure))
#26 /workspaces/manga-cms/vendor/laravel/framework/src/Illuminate/Container/BoundMethod.php(37): Illuminate\\Container\\BoundMethod::callBoundMethod(Object(Illuminate\\Foundation\\Application), Array, Object(Closure))
#27 /workspaces/manga-cms/vendor/laravel/framework/src/Illuminate/Container/Container.php(651): Illuminate\\Container\\BoundMethod::call(Object(Illuminate\\Foundation\\Application), Array, Array, NULL)
#28 /workspaces/manga-cms/vendor/laravel/framework/src/Illuminate/Console/Command.php(182): Illuminate\\Container\\Container->call(Array)
#29 /workspaces/manga-cms/vendor/symfony/console/Command/Command.php(291): Illuminate\\Console\\Command->execute(Object(Symfony\\Component\\Console\\Input\\ArgvInput), Object(Illuminate\\Console\\OutputStyle))
#30 /workspaces/manga-cms/vendor/laravel/framework/src/Illuminate/Console/Command.php(152): Symfony\\Component\\Console\\Command\\Command->run(Object(Symfony\\Component\\Console\\Input\\ArgvInput), Object(Illuminate\\Console\\OutputStyle))
#31 /workspaces/manga-cms/vendor/symfony/console/Application.php(1014): Illuminate\\Console\\Command->run(Object(Symfony\\Component\\Console\\Input\\ArgvInput), Object(Symfony\\Component\\Console\\Output\\ConsoleOutput))
#32 /workspaces/manga-cms/vendor/symfony/console/Application.php(301): Symfony\\Component\\Console\\Application->doRunCommand(Object(Illuminate\\Queue\\Console\\WorkCommand), Object(Symfony\\Component\\Console\\Input\\ArgvInput), Object(Symfony\\Component\\Console\\Output\\ConsoleOutput))
#33 /workspaces/manga-cms/vendor/symfony/console/Application.php(171): Symfony\\Component\\Console\\Application->doRun(Object(Symfony\\Component\\Console\\Input\\ArgvInput), Object(Symfony\\Component\\Console\\Output\\ConsoleOutput))
#34 /workspaces/manga-cms/vendor/laravel/framework/src/Illuminate/Console/Application.php(102): Symfony\\Component\\Console\\Application->run(Object(Symfony\\Component\\Console\\Input\\ArgvInput), Object(Symfony\\Component\\Console\\Output\\ConsoleOutput))
#35 /workspaces/manga-cms/vendor/laravel/framework/src/Illuminate/Foundation/Console/Kernel.php(155): Illuminate\\Console\\Application->run(Object(Symfony\\Component\\Console\\Input\\ArgvInput), Object(Symfony\\Component\\Console\\Output\\ConsoleOutput))
#36 /workspaces/manga-cms/artisan(37): Illuminate\\Foundation\\Console\\Kernel->handle(Object(Symfony\\Component\\Console\\Input\\ArgvInput), Object(Symfony\\Component\\Console\\Output\\ConsoleOutput))
#37 {main}
"} 
[2022-12-30 02:22:38] local.ERROR: The process "ffmpeg -protocol_whitelist file,http,https,tcp,tls,crypto -f concat -safe 0 -i /tmp/iem_concatseV2lA.txt -c copy /workspaces/manga-cms/storage/app/public/episodes/14/master.m3u8" exceeded the timeout of 60 seconds. {"exception":"[object] (Symfony\\Component\\Process\\Exception\\ProcessTimedOutException(code: 0): The process \"ffmpeg -protocol_whitelist file,http,https,tcp,tls,crypto -f concat -safe 0 -i /tmp/iem_concatseV2lA.txt -c copy /workspaces/manga-cms/storage/app/public/episodes/14/master.m3u8\" exceeded the timeout of 60 seconds. at /workspaces/manga-cms/vendor/symfony/process/Process.php:1152)
[stacktrace]
#0 /workspaces/manga-cms/vendor/symfony/process/Process.php(423): Symfony\\Component\\Process\\Process->checkTimeout()
#1 /workspaces/manga-cms/vendor/symfony/process/Process.php(249): Symfony\\Component\\Process\\Process->wait()
#2 /workspaces/manga-cms/Modules/Anime/Jobs/DownloadM3u8.php(66): Symfony\\Component\\Process\\Process->run()
#3 /workspaces/manga-cms/vendor/laravel/framework/src/Illuminate/Container/BoundMethod.php(36): Modules\\Anime\\Jobs\\DownloadM3u8->handle()
#4 /workspaces/manga-cms/vendor/laravel/framework/src/Illuminate/Container/Util.php(41): Illuminate\\Container\\BoundMethod::Illuminate\\Container\\{closure}()
#5 /workspaces/manga-cms/vendor/laravel/framework/src/Illuminate/Container/BoundMethod.php(93): Illuminate\\Container\\Util::unwrapIfClosure(Object(Closure))
#6 /workspaces/manga-cms/vendor/laravel/framework/src/Illuminate/Container/BoundMethod.php(37): Illuminate\\Container\\BoundMethod::callBoundMethod(Object(Illuminate\\Foundation\\Application), Array, Object(Closure))
#7 /workspaces/manga-cms/vendor/laravel/framework/src/Illuminate/Container/Container.php(651): Illuminate\\Container\\BoundMethod::call(Object(Illuminate\\Foundation\\Application), Array, Array, NULL)
#8 /workspaces/manga-cms/vendor/laravel/framework/src/Illuminate/Bus/Dispatcher.php(128): Illuminate\\Container\\Container->call(Array)
#9 /workspaces/manga-cms/vendor/laravel/framework/src/Illuminate/Pipeline/Pipeline.php(141): Illuminate\\Bus\\Dispatcher->Illuminate\\Bus\\{closure}(Object(Modules\\Anime\\Jobs\\DownloadM3u8))
#10 /workspaces/manga-cms/vendor/laravel/framework/src/Illuminate/Pipeline/Pipeline.php(116): Illuminate\\Pipeline\\Pipeline->Illuminate\\Pipeline\\{closure}(Object(Modules\\Anime\\Jobs\\DownloadM3u8))
#11 /workspaces/manga-cms/vendor/laravel/framework/src/Illuminate/Bus/Dispatcher.php(132): Illuminate\\Pipeline\\Pipeline->then(Object(Closure))
#12 /workspaces/manga-cms/vendor/laravel/framework/src/Illuminate/Queue/CallQueuedHandler.php(124): Illuminate\\Bus\\Dispatcher->dispatchNow(Object(Modules\\Anime\\Jobs\\DownloadM3u8), false)
#13 /workspaces/manga-cms/vendor/laravel/framework/src/Illuminate/Pipeline/Pipeline.php(141): Illuminate\\Queue\\CallQueuedHandler->Illuminate\\Queue\\{closure}(Object(Modules\\Anime\\Jobs\\DownloadM3u8))
#14 /workspaces/manga-cms/vendor/laravel/framework/src/Illuminate/Pipeline/Pipeline.php(116): Illuminate\\Pipeline\\Pipeline->Illuminate\\Pipeline\\{closure}(Object(Modules\\Anime\\Jobs\\DownloadM3u8))
#15 /workspaces/manga-cms/vendor/laravel/framework/src/Illuminate/Queue/CallQueuedHandler.php(126): Illuminate\\Pipeline\\Pipeline->then(Object(Closure))
#16 /workspaces/manga-cms/vendor/laravel/framework/src/Illuminate/Queue/CallQueuedHandler.php(70): Illuminate\\Queue\\CallQueuedHandler->dispatchThroughMiddleware(Object(Illuminate\\Queue\\Jobs\\RedisJob), Object(Modules\\Anime\\Jobs\\DownloadM3u8))
#17 /workspaces/manga-cms/vendor/laravel/framework/src/Illuminate/Queue/Jobs/Job.php(98): Illuminate\\Queue\\CallQueuedHandler->call(Object(Illuminate\\Queue\\Jobs\\RedisJob), Array)
#18 /workspaces/manga-cms/vendor/laravel/framework/src/Illuminate/Queue/Worker.php(425): Illuminate\\Queue\\Jobs\\Job->fire()
#19 /workspaces/manga-cms/vendor/laravel/framework/src/Illuminate/Queue/Worker.php(375): Illuminate\\Queue\\Worker->process('redis', Object(Illuminate\\Queue\\Jobs\\RedisJob), Object(Illuminate\\Queue\\WorkerOptions))
#20 /workspaces/manga-cms/vendor/laravel/framework/src/Illuminate/Queue/Worker.php(326): Illuminate\\Queue\\Worker->runJob(Object(Illuminate\\Queue\\Jobs\\RedisJob), 'redis', Object(Illuminate\\Queue\\WorkerOptions))
#21 /workspaces/manga-cms/vendor/laravel/framework/src/Illuminate/Queue/Console/WorkCommand.php(147): Illuminate\\Queue\\Worker->runNextJob('redis', 'default', Object(Illuminate\\Queue\\WorkerOptions))
#22 /workspaces/manga-cms/vendor/laravel/framework/src/Illuminate/Queue/Console/WorkCommand.php(130): Illuminate\\Queue\\Console\\WorkCommand->runWorker('redis', 'default')
#23 /workspaces/manga-cms/vendor/laravel/framework/src/Illuminate/Container/BoundMethod.php(36): Illuminate\\Queue\\Console\\WorkCommand->handle()
#24 /workspaces/manga-cms/vendor/laravel/framework/src/Illuminate/Container/Util.php(41): Illuminate\\Container\\BoundMethod::Illuminate\\Container\\{closure}()
#25 /workspaces/manga-cms/vendor/laravel/framework/src/Illuminate/Container/BoundMethod.php(93): Illuminate\\Container\\Util::unwrapIfClosure(Object(Closure))
#26 /workspaces/manga-cms/vendor/laravel/framework/src/Illuminate/Container/BoundMethod.php(37): Illuminate\\Container\\BoundMethod::callBoundMethod(Object(Illuminate\\Foundation\\Application), Array, Object(Closure))
#27 /workspaces/manga-cms/vendor/laravel/framework/src/Illuminate/Container/Container.php(651): Illuminate\\Container\\BoundMethod::call(Object(Illuminate\\Foundation\\Application), Array, Array, NULL)
#28 /workspaces/manga-cms/vendor/laravel/framework/src/Illuminate/Console/Command.php(182): Illuminate\\Container\\Container->call(Array)
#29 /workspaces/manga-cms/vendor/symfony/console/Command/Command.php(291): Illuminate\\Console\\Command->execute(Object(Symfony\\Component\\Console\\Input\\ArgvInput), Object(Illuminate\\Console\\OutputStyle))
#30 /workspaces/manga-cms/vendor/laravel/framework/src/Illuminate/Console/Command.php(152): Symfony\\Component\\Console\\Command\\Command->run(Object(Symfony\\Component\\Console\\Input\\ArgvInput), Object(Illuminate\\Console\\OutputStyle))
#31 /workspaces/manga-cms/vendor/symfony/console/Application.php(1014): Illuminate\\Console\\Command->run(Object(Symfony\\Component\\Console\\Input\\ArgvInput), Object(Symfony\\Component\\Console\\Output\\ConsoleOutput))
#32 /workspaces/manga-cms/vendor/symfony/console/Application.php(301): Symfony\\Component\\Console\\Application->doRunCommand(Object(Illuminate\\Queue\\Console\\WorkCommand), Object(Symfony\\Component\\Console\\Input\\ArgvInput), Object(Symfony\\Component\\Console\\Output\\ConsoleOutput))
#33 /workspaces/manga-cms/vendor/symfony/console/Application.php(171): Symfony\\Component\\Console\\Application->doRun(Object(Symfony\\Component\\Console\\Input\\ArgvInput), Object(Symfony\\Component\\Console\\Output\\ConsoleOutput))
#34 /workspaces/manga-cms/vendor/laravel/framework/src/Illuminate/Console/Application.php(102): Symfony\\Component\\Console\\Application->run(Object(Symfony\\Component\\Console\\Input\\ArgvInput), Object(Symfony\\Component\\Console\\Output\\ConsoleOutput))
#35 /workspaces/manga-cms/vendor/laravel/framework/src/Illuminate/Foundation/Console/Kernel.php(155): Illuminate\\Console\\Application->run(Object(Symfony\\Component\\Console\\Input\\ArgvInput), Object(Symfony\\Component\\Console\\Output\\ConsoleOutput))
#36 /workspaces/manga-cms/artisan(37): Illuminate\\Foundation\\Console\\Kernel->handle(Object(Symfony\\Component\\Console\\Input\\ArgvInput), Object(Symfony\\Component\\Console\\Output\\ConsoleOutput))
#37 {main}
"} 
[2022-12-30 02:34:44] local.ERROR: Modules\Anime\Jobs\DownloadM3u8 has been attempted too many times or run too long. The job may have previously timed out. {"exception":"[object] (Illuminate\\Queue\\MaxAttemptsExceededException(code: 0): Modules\\Anime\\Jobs\\DownloadM3u8 has been attempted too many times or run too long. The job may have previously timed out. at /workspaces/manga-cms/vendor/laravel/framework/src/Illuminate/Queue/Worker.php:746)
[stacktrace]
#0 /workspaces/manga-cms/vendor/laravel/framework/src/Illuminate/Queue/Worker.php(505): Illuminate\\Queue\\Worker->maxAttemptsExceededException(Object(Illuminate\\Queue\\Jobs\\RedisJob))
#1 /workspaces/manga-cms/vendor/laravel/framework/src/Illuminate/Queue/Worker.php(415): Illuminate\\Queue\\Worker->markJobAsFailedIfAlreadyExceedsMaxAttempts('redis', Object(Illuminate\\Queue\\Jobs\\RedisJob), 1)
#2 /workspaces/manga-cms/vendor/laravel/framework/src/Illuminate/Queue/Worker.php(375): Illuminate\\Queue\\Worker->process('redis', Object(Illuminate\\Queue\\Jobs\\RedisJob), Object(Illuminate\\Queue\\WorkerOptions))
#3 /workspaces/manga-cms/vendor/laravel/framework/src/Illuminate/Queue/Worker.php(326): Illuminate\\Queue\\Worker->runJob(Object(Illuminate\\Queue\\Jobs\\RedisJob), 'redis', Object(Illuminate\\Queue\\WorkerOptions))
#4 /workspaces/manga-cms/vendor/laravel/framework/src/Illuminate/Queue/Console/WorkCommand.php(147): Illuminate\\Queue\\Worker->runNextJob('redis', 'default', Object(Illuminate\\Queue\\WorkerOptions))
#5 /workspaces/manga-cms/vendor/laravel/framework/src/Illuminate/Queue/Console/WorkCommand.php(130): Illuminate\\Queue\\Console\\WorkCommand->runWorker('redis', 'default')
#6 /workspaces/manga-cms/vendor/laravel/framework/src/Illuminate/Container/BoundMethod.php(36): Illuminate\\Queue\\Console\\WorkCommand->handle()
#7 /workspaces/manga-cms/vendor/laravel/framework/src/Illuminate/Container/Util.php(41): Illuminate\\Container\\BoundMethod::Illuminate\\Container\\{closure}()
#8 /workspaces/manga-cms/vendor/laravel/framework/src/Illuminate/Container/BoundMethod.php(93): Illuminate\\Container\\Util::unwrapIfClosure(Object(Closure))
#9 /workspaces/manga-cms/vendor/laravel/framework/src/Illuminate/Container/BoundMethod.php(37): Illuminate\\Container\\BoundMethod::callBoundMethod(Object(Illuminate\\Foundation\\Application), Array, Object(Closure))
#10 /workspaces/manga-cms/vendor/laravel/framework/src/Illuminate/Container/Container.php(651): Illuminate\\Container\\BoundMethod::call(Object(Illuminate\\Foundation\\Application), Array, Array, NULL)
#11 /workspaces/manga-cms/vendor/laravel/framework/src/Illuminate/Console/Command.php(182): Illuminate\\Container\\Container->call(Array)
#12 /workspaces/manga-cms/vendor/symfony/console/Command/Command.php(291): Illuminate\\Console\\Command->execute(Object(Symfony\\Component\\Console\\Input\\ArgvInput), Object(Illuminate\\Console\\OutputStyle))
#13 /workspaces/manga-cms/vendor/laravel/framework/src/Illuminate/Console/Command.php(152): Symfony\\Component\\Console\\Command\\Command->run(Object(Symfony\\Component\\Console\\Input\\ArgvInput), Object(Illuminate\\Console\\OutputStyle))
#14 /workspaces/manga-cms/vendor/symfony/console/Application.php(1014): Illuminate\\Console\\Command->run(Object(Symfony\\Component\\Console\\Input\\ArgvInput), Object(Symfony\\Component\\Console\\Output\\ConsoleOutput))
#15 /workspaces/manga-cms/vendor/symfony/console/Application.php(301): Symfony\\Component\\Console\\Application->doRunCommand(Object(Illuminate\\Queue\\Console\\WorkCommand), Object(Symfony\\Component\\Console\\Input\\ArgvInput), Object(Symfony\\Component\\Console\\Output\\ConsoleOutput))
#16 /workspaces/manga-cms/vendor/symfony/console/Application.php(171): Symfony\\Component\\Console\\Application->doRun(Object(Symfony\\Component\\Console\\Input\\ArgvInput), Object(Symfony\\Component\\Console\\Output\\ConsoleOutput))
#17 /workspaces/manga-cms/vendor/laravel/framework/src/Illuminate/Console/Application.php(102): Symfony\\Component\\Console\\Application->run(Object(Symfony\\Component\\Console\\Input\\ArgvInput), Object(Symfony\\Component\\Console\\Output\\ConsoleOutput))
#18 /workspaces/manga-cms/vendor/laravel/framework/src/Illuminate/Foundation/Console/Kernel.php(155): Illuminate\\Console\\Application->run(Object(Symfony\\Component\\Console\\Input\\ArgvInput), Object(Symfony\\Component\\Console\\Output\\ConsoleOutput))
#19 /workspaces/manga-cms/artisan(37): Illuminate\\Foundation\\Console\\Kernel->handle(Object(Symfony\\Component\\Console\\Input\\ArgvInput), Object(Symfony\\Component\\Console\\Output\\ConsoleOutput))
#20 {main}
"} 
[2022-12-30 02:34:58] local.ERROR: Modules\Anime\Jobs\DownloadM3u8 has been attempted too many times or run too long. The job may have previously timed out. {"exception":"[object] (Illuminate\\Queue\\MaxAttemptsExceededException(code: 0): Modules\\Anime\\Jobs\\DownloadM3u8 has been attempted too many times or run too long. The job may have previously timed out. at /workspaces/manga-cms/vendor/laravel/framework/src/Illuminate/Queue/Worker.php:746)
[stacktrace]
#0 /workspaces/manga-cms/vendor/laravel/framework/src/Illuminate/Queue/Worker.php(505): Illuminate\\Queue\\Worker->maxAttemptsExceededException(Object(Illuminate\\Queue\\Jobs\\RedisJob))
#1 /workspaces/manga-cms/vendor/laravel/framework/src/Illuminate/Queue/Worker.php(415): Illuminate\\Queue\\Worker->markJobAsFailedIfAlreadyExceedsMaxAttempts('redis', Object(Illuminate\\Queue\\Jobs\\RedisJob), 1)
#2 /workspaces/manga-cms/vendor/laravel/framework/src/Illuminate/Queue/Worker.php(375): Illuminate\\Queue\\Worker->process('redis', Object(Illuminate\\Queue\\Jobs\\RedisJob), Object(Illuminate\\Queue\\WorkerOptions))
#3 /workspaces/manga-cms/vendor/laravel/framework/src/Illuminate/Queue/Worker.php(326): Illuminate\\Queue\\Worker->runJob(Object(Illuminate\\Queue\\Jobs\\RedisJob), 'redis', Object(Illuminate\\Queue\\WorkerOptions))
#4 /workspaces/manga-cms/vendor/laravel/framework/src/Illuminate/Queue/Console/WorkCommand.php(147): Illuminate\\Queue\\Worker->runNextJob('redis', 'default', Object(Illuminate\\Queue\\WorkerOptions))
#5 /workspaces/manga-cms/vendor/laravel/framework/src/Illuminate/Queue/Console/WorkCommand.php(130): Illuminate\\Queue\\Console\\WorkCommand->runWorker('redis', 'default')
#6 /workspaces/manga-cms/vendor/laravel/framework/src/Illuminate/Container/BoundMethod.php(36): Illuminate\\Queue\\Console\\WorkCommand->handle()
#7 /workspaces/manga-cms/vendor/laravel/framework/src/Illuminate/Container/Util.php(41): Illuminate\\Container\\BoundMethod::Illuminate\\Container\\{closure}()
#8 /workspaces/manga-cms/vendor/laravel/framework/src/Illuminate/Container/BoundMethod.php(93): Illuminate\\Container\\Util::unwrapIfClosure(Object(Closure))
#9 /workspaces/manga-cms/vendor/laravel/framework/src/Illuminate/Container/BoundMethod.php(37): Illuminate\\Container\\BoundMethod::callBoundMethod(Object(Illuminate\\Foundation\\Application), Array, Object(Closure))
#10 /workspaces/manga-cms/vendor/laravel/framework/src/Illuminate/Container/Container.php(651): Illuminate\\Container\\BoundMethod::call(Object(Illuminate\\Foundation\\Application), Array, Array, NULL)
#11 /workspaces/manga-cms/vendor/laravel/framework/src/Illuminate/Console/Command.php(182): Illuminate\\Container\\Container->call(Array)
#12 /workspaces/manga-cms/vendor/symfony/console/Command/Command.php(291): Illuminate\\Console\\Command->execute(Object(Symfony\\Component\\Console\\Input\\ArgvInput), Object(Illuminate\\Console\\OutputStyle))
#13 /workspaces/manga-cms/vendor/laravel/framework/src/Illuminate/Console/Command.php(152): Symfony\\Component\\Console\\Command\\Command->run(Object(Symfony\\Component\\Console\\Input\\ArgvInput), Object(Illuminate\\Console\\OutputStyle))
#14 /workspaces/manga-cms/vendor/symfony/console/Application.php(1014): Illuminate\\Console\\Command->run(Object(Symfony\\Component\\Console\\Input\\ArgvInput), Object(Symfony\\Component\\Console\\Output\\ConsoleOutput))
#15 /workspaces/manga-cms/vendor/symfony/console/Application.php(301): Symfony\\Component\\Console\\Application->doRunCommand(Object(Illuminate\\Queue\\Console\\WorkCommand), Object(Symfony\\Component\\Console\\Input\\ArgvInput), Object(Symfony\\Component\\Console\\Output\\ConsoleOutput))
#16 /workspaces/manga-cms/vendor/symfony/console/Application.php(171): Symfony\\Component\\Console\\Application->doRun(Object(Symfony\\Component\\Console\\Input\\ArgvInput), Object(Symfony\\Component\\Console\\Output\\ConsoleOutput))
#17 /workspaces/manga-cms/vendor/laravel/framework/src/Illuminate/Console/Application.php(102): Symfony\\Component\\Console\\Application->run(Object(Symfony\\Component\\Console\\Input\\ArgvInput), Object(Symfony\\Component\\Console\\Output\\ConsoleOutput))
#18 /workspaces/manga-cms/vendor/laravel/framework/src/Illuminate/Foundation/Console/Kernel.php(155): Illuminate\\Console\\Application->run(Object(Symfony\\Component\\Console\\Input\\ArgvInput), Object(Symfony\\Component\\Console\\Output\\ConsoleOutput))
#19 /workspaces/manga-cms/artisan(37): Illuminate\\Foundation\\Console\\Kernel->handle(Object(Symfony\\Component\\Console\\Input\\ArgvInput), Object(Symfony\\Component\\Console\\Output\\ConsoleOutput))
#20 {main}
"} 
[2022-12-30 02:35:34] local.ERROR: There are no commands defined in the "uploaderanime" namespace. {"exception":"[object] (Symfony\\Component\\Console\\Exception\\NamespaceNotFoundException(code: 0): There are no commands defined in the \"uploaderanime\" namespace. at /workspaces/manga-cms/vendor/symfony/console/Application.php:624)
[stacktrace]
#0 /workspaces/manga-cms/vendor/symfony/console/Application.php(675): Symfony\\Component\\Console\\Application->findNamespace('uploaderanime')
#1 /workspaces/manga-cms/vendor/symfony/console/Application.php(259): Symfony\\Component\\Console\\Application->find('uploaderanime:u...')
#2 /workspaces/manga-cms/vendor/symfony/console/Application.php(171): Symfony\\Component\\Console\\Application->doRun(Object(Symfony\\Component\\Console\\Input\\ArgvInput), Object(Symfony\\Component\\Console\\Output\\ConsoleOutput))
#3 /workspaces/manga-cms/vendor/laravel/framework/src/Illuminate/Console/Application.php(102): Symfony\\Component\\Console\\Application->run(Object(Symfony\\Component\\Console\\Input\\ArgvInput), Object(Symfony\\Component\\Console\\Output\\ConsoleOutput))
#4 /workspaces/manga-cms/vendor/laravel/framework/src/Illuminate/Foundation/Console/Kernel.php(155): Illuminate\\Console\\Application->run(Object(Symfony\\Component\\Console\\Input\\ArgvInput), Object(Symfony\\Component\\Console\\Output\\ConsoleOutput))
#5 /workspaces/manga-cms/artisan(37): Illuminate\\Foundation\\Console\\Kernel->handle(Object(Symfony\\Component\\Console\\Input\\ArgvInput), Object(Symfony\\Component\\Console\\Output\\ConsoleOutput))
#6 {main}
"} 
[2022-12-30 02:46:55] local.ERROR: Modules\Anime\Jobs\DownloadM3u8 has been attempted too many times or run too long. The job may have previously timed out. {"exception":"[object] (Illuminate\\Queue\\MaxAttemptsExceededException(code: 0): Modules\\Anime\\Jobs\\DownloadM3u8 has been attempted too many times or run too long. The job may have previously timed out. at /workspaces/manga-cms/vendor/laravel/framework/src/Illuminate/Queue/Worker.php:746)
[stacktrace]
#0 /workspaces/manga-cms/vendor/laravel/framework/src/Illuminate/Queue/Worker.php(505): Illuminate\\Queue\\Worker->maxAttemptsExceededException(Object(Illuminate\\Queue\\Jobs\\RedisJob))
#1 /workspaces/manga-cms/vendor/laravel/framework/src/Illuminate/Queue/Worker.php(415): Illuminate\\Queue\\Worker->markJobAsFailedIfAlreadyExceedsMaxAttempts('redis', Object(Illuminate\\Queue\\Jobs\\RedisJob), 1)
#2 /workspaces/manga-cms/vendor/laravel/framework/src/Illuminate/Queue/Worker.php(375): Illuminate\\Queue\\Worker->process('redis', Object(Illuminate\\Queue\\Jobs\\RedisJob), Object(Illuminate\\Queue\\WorkerOptions))
#3 /workspaces/manga-cms/vendor/laravel/framework/src/Illuminate/Queue/Worker.php(173): Illuminate\\Queue\\Worker->runJob(Object(Illuminate\\Queue\\Jobs\\RedisJob), 'redis', Object(Illuminate\\Queue\\WorkerOptions))
#4 /workspaces/manga-cms/vendor/laravel/framework/src/Illuminate/Queue/Console/WorkCommand.php(147): Illuminate\\Queue\\Worker->daemon('redis', 'default', Object(Illuminate\\Queue\\WorkerOptions))
#5 /workspaces/manga-cms/vendor/laravel/framework/src/Illuminate/Queue/Console/WorkCommand.php(130): Illuminate\\Queue\\Console\\WorkCommand->runWorker('redis', 'default')
#6 /workspaces/manga-cms/vendor/laravel/framework/src/Illuminate/Container/BoundMethod.php(36): Illuminate\\Queue\\Console\\WorkCommand->handle()
#7 /workspaces/manga-cms/vendor/laravel/framework/src/Illuminate/Container/Util.php(41): Illuminate\\Container\\BoundMethod::Illuminate\\Container\\{closure}()
#8 /workspaces/manga-cms/vendor/laravel/framework/src/Illuminate/Container/BoundMethod.php(93): Illuminate\\Container\\Util::unwrapIfClosure(Object(Closure))
#9 /workspaces/manga-cms/vendor/laravel/framework/src/Illuminate/Container/BoundMethod.php(37): Illuminate\\Container\\BoundMethod::callBoundMethod(Object(Illuminate\\Foundation\\Application), Array, Object(Closure))
#10 /workspaces/manga-cms/vendor/laravel/framework/src/Illuminate/Container/Container.php(651): Illuminate\\Container\\BoundMethod::call(Object(Illuminate\\Foundation\\Application), Array, Array, NULL)
#11 /workspaces/manga-cms/vendor/laravel/framework/src/Illuminate/Console/Command.php(182): Illuminate\\Container\\Container->call(Array)
#12 /workspaces/manga-cms/vendor/symfony/console/Command/Command.php(291): Illuminate\\Console\\Command->execute(Object(Symfony\\Component\\Console\\Input\\ArgvInput), Object(Illuminate\\Console\\OutputStyle))
#13 /workspaces/manga-cms/vendor/laravel/framework/src/Illuminate/Console/Command.php(152): Symfony\\Component\\Console\\Command\\Command->run(Object(Symfony\\Component\\Console\\Input\\ArgvInput), Object(Illuminate\\Console\\OutputStyle))
#14 /workspaces/manga-cms/vendor/symfony/console/Application.php(1014): Illuminate\\Console\\Command->run(Object(Symfony\\Component\\Console\\Input\\ArgvInput), Object(Symfony\\Component\\Console\\Output\\ConsoleOutput))
#15 /workspaces/manga-cms/vendor/symfony/console/Application.php(301): Symfony\\Component\\Console\\Application->doRunCommand(Object(Illuminate\\Queue\\Console\\WorkCommand), Object(Symfony\\Component\\Console\\Input\\ArgvInput), Object(Symfony\\Component\\Console\\Output\\ConsoleOutput))
#16 /workspaces/manga-cms/vendor/symfony/console/Application.php(171): Symfony\\Component\\Console\\Application->doRun(Object(Symfony\\Component\\Console\\Input\\ArgvInput), Object(Symfony\\Component\\Console\\Output\\ConsoleOutput))
#17 /workspaces/manga-cms/vendor/laravel/framework/src/Illuminate/Console/Application.php(102): Symfony\\Component\\Console\\Application->run(Object(Symfony\\Component\\Console\\Input\\ArgvInput), Object(Symfony\\Component\\Console\\Output\\ConsoleOutput))
#18 /workspaces/manga-cms/vendor/laravel/framework/src/Illuminate/Foundation/Console/Kernel.php(155): Illuminate\\Console\\Application->run(Object(Symfony\\Component\\Console\\Input\\ArgvInput), Object(Symfony\\Component\\Console\\Output\\ConsoleOutput))
#19 /workspaces/manga-cms/artisan(37): Illuminate\\Foundation\\Console\\Kernel->handle(Object(Symfony\\Component\\Console\\Input\\ArgvInput), Object(Symfony\\Component\\Console\\Output\\ConsoleOutput))
#20 {main}
"} 
[2022-12-30 12:49:26] local.ERROR: Command "module" is not defined.

Did you mean one of these?
    model:prune
    model:show
    module:delete
    module:disable
    module:dump
    module:enable
    module:install
    module:list
    module:make
    module:make-command
    module:make-component
    module:make-component-view
    module:make-controller
    module:make-event
    module:make-factory
    module:make-job
    module:make-listener
    module:make-mail
    module:make-middleware
    module:make-migration
    module:make-model
    module:make-notification
    module:make-policy
    module:make-provider
    module:make-request
    module:make-resource
    module:make-rule
    module:make-seed
    module:make-test
    module:migrate
    module:migrate-fresh
    module:migrate-refresh
    module:migrate-reset
    module:migrate-rollback
    module:migrate-status
    module:publish
    module:publish-config
    module:publish-migration
    module:publish-translation
    module:route-provider
    module:seed
    module:setup
    module:unuse
    module:update
    module:use
    module:v6:migrate {"exception":"[object] (Symfony\\Component\\Console\\Exception\\CommandNotFoundException(code: 0): Command \"module\" is not defined.

Did you mean one of these?
    model:prune
    model:show
    module:delete
    module:disable
    module:dump
    module:enable
    module:install
    module:list
    module:make
    module:make-command
    module:make-component
    module:make-component-view
    module:make-controller
    module:make-event
    module:make-factory
    module:make-job
    module:make-listener
    module:make-mail
    module:make-middleware
    module:make-migration
    module:make-model
    module:make-notification
    module:make-policy
    module:make-provider
    module:make-request
    module:make-resource
    module:make-rule
    module:make-seed
    module:make-test
    module:migrate
    module:migrate-fresh
    module:migrate-refresh
    module:migrate-reset
    module:migrate-rollback
    module:migrate-status
    module:publish
    module:publish-config
    module:publish-migration
    module:publish-translation
    module:route-provider
    module:seed
    module:setup
    module:unuse
    module:update
    module:use
    module:v6:migrate at /workspaces/manga-cms/vendor/symfony/console/Application.php:694)
[stacktrace]
#0 /workspaces/manga-cms/vendor/symfony/console/Application.php(259): Symfony\\Component\\Console\\Application->find('module')
#1 /workspaces/manga-cms/vendor/symfony/console/Application.php(171): Symfony\\Component\\Console\\Application->doRun(Object(Symfony\\Component\\Console\\Input\\ArgvInput), Object(Symfony\\Component\\Console\\Output\\ConsoleOutput))
#2 /workspaces/manga-cms/vendor/laravel/framework/src/Illuminate/Console/Application.php(102): Symfony\\Component\\Console\\Application->run(Object(Symfony\\Component\\Console\\Input\\ArgvInput), Object(Symfony\\Component\\Console\\Output\\ConsoleOutput))
#3 /workspaces/manga-cms/vendor/laravel/framework/src/Illuminate/Foundation/Console/Kernel.php(155): Illuminate\\Console\\Application->run(Object(Symfony\\Component\\Console\\Input\\ArgvInput), Object(Symfony\\Component\\Console\\Output\\ConsoleOutput))
#4 /workspaces/manga-cms/artisan(37): Illuminate\\Foundation\\Console\\Kernel->handle(Object(Symfony\\Component\\Console\\Input\\ArgvInput), Object(Symfony\\Component\\Console\\Output\\ConsoleOutput))
#5 {main}
"} 
[2022-12-30 12:50:35] local.ERROR: Module [] does not exist! {"exception":"[object] (Nwidart\\Modules\\Exceptions\\ModuleNotFoundException(code: 0): Module [] does not exist! at /workspaces/manga-cms/vendor/nwidart/laravel-modules/src/FileRepository.php:366)
[stacktrace]
#0 /workspaces/manga-cms/vendor/nwidart/laravel-modules/src/FileRepository.php(464): Nwidart\\Modules\\FileRepository->findOrFail('')
#1 /workspaces/manga-cms/vendor/nwidart/laravel-modules/src/Traits/ModuleCommandTrait.php(14): Nwidart\\Modules\\FileRepository->getUsedNow()
#2 /workspaces/manga-cms/vendor/nwidart/laravel-modules/src/Commands/JobMakeCommand.php(86): Nwidart\\Modules\\Commands\\JobMakeCommand->getModuleName()
#3 /workspaces/manga-cms/vendor/nwidart/laravel-modules/src/Commands/GeneratorCommand.php(37): Nwidart\\Modules\\Commands\\JobMakeCommand->getDestinationFilePath()
#4 /workspaces/manga-cms/vendor/laravel/framework/src/Illuminate/Container/BoundMethod.php(36): Nwidart\\Modules\\Commands\\GeneratorCommand->handle()
#5 /workspaces/manga-cms/vendor/laravel/framework/src/Illuminate/Container/Util.php(41): Illuminate\\Container\\BoundMethod::Illuminate\\Container\\{closure}()
#6 /workspaces/manga-cms/vendor/laravel/framework/src/Illuminate/Container/BoundMethod.php(93): Illuminate\\Container\\Util::unwrapIfClosure(Object(Closure))
#7 /workspaces/manga-cms/vendor/laravel/framework/src/Illuminate/Container/BoundMethod.php(37): Illuminate\\Container\\BoundMethod::callBoundMethod(Object(Illuminate\\Foundation\\Application), Array, Object(Closure))
#8 /workspaces/manga-cms/vendor/laravel/framework/src/Illuminate/Container/Container.php(651): Illuminate\\Container\\BoundMethod::call(Object(Illuminate\\Foundation\\Application), Array, Array, NULL)
#9 /workspaces/manga-cms/vendor/laravel/framework/src/Illuminate/Console/Command.php(182): Illuminate\\Container\\Container->call(Array)
#10 /workspaces/manga-cms/vendor/symfony/console/Command/Command.php(291): Illuminate\\Console\\Command->execute(Object(Symfony\\Component\\Console\\Input\\ArgvInput), Object(Illuminate\\Console\\OutputStyle))
#11 /workspaces/manga-cms/vendor/laravel/framework/src/Illuminate/Console/Command.php(152): Symfony\\Component\\Console\\Command\\Command->run(Object(Symfony\\Component\\Console\\Input\\ArgvInput), Object(Illuminate\\Console\\OutputStyle))
#12 /workspaces/manga-cms/vendor/symfony/console/Application.php(1014): Illuminate\\Console\\Command->run(Object(Symfony\\Component\\Console\\Input\\ArgvInput), Object(Symfony\\Component\\Console\\Output\\ConsoleOutput))
#13 /workspaces/manga-cms/vendor/symfony/console/Application.php(301): Symfony\\Component\\Console\\Application->doRunCommand(Object(Nwidart\\Modules\\Commands\\JobMakeCommand), Object(Symfony\\Component\\Console\\Input\\ArgvInput), Object(Symfony\\Component\\Console\\Output\\ConsoleOutput))
#14 /workspaces/manga-cms/vendor/symfony/console/Application.php(171): Symfony\\Component\\Console\\Application->doRun(Object(Symfony\\Component\\Console\\Input\\ArgvInput), Object(Symfony\\Component\\Console\\Output\\ConsoleOutput))
#15 /workspaces/manga-cms/vendor/laravel/framework/src/Illuminate/Console/Application.php(102): Symfony\\Component\\Console\\Application->run(Object(Symfony\\Component\\Console\\Input\\ArgvInput), Object(Symfony\\Component\\Console\\Output\\ConsoleOutput))
#16 /workspaces/manga-cms/vendor/laravel/framework/src/Illuminate/Foundation/Console/Kernel.php(155): Illuminate\\Console\\Application->run(Object(Symfony\\Component\\Console\\Input\\ArgvInput), Object(Symfony\\Component\\Console\\Output\\ConsoleOutput))
#17 /workspaces/manga-cms/artisan(37): Illuminate\\Foundation\\Console\\Kernel->handle(Object(Symfony\\Component\\Console\\Input\\ArgvInput), Object(Symfony\\Component\\Console\\Output\\ConsoleOutput))
#18 {main}
"} 
[2022-12-30 13:00:45] local.ERROR: filesize(): Argument #1 ($filename) must be of type string, array given {"exception":"[object] (TypeError(code: 0): filesize(): Argument #1 ($filename) must be of type string, array given at /workspaces/manga-cms/Modules/Storage/Services/Blogger.php:159)
[stacktrace]
#0 /workspaces/manga-cms/Modules/Storage/Services/Blogger.php(159): filesize(Array)
#1 /workspaces/manga-cms/Modules/Storage/Services/Blogger.php(61): Modules\\Storage\\Services\\Blogger->getPutInfoUrls(Array)
#2 /workspaces/manga-cms/app/Console/Commands/TestStorage.php(34): Modules\\Storage\\Services\\Blogger->multiUploadFile(Array)
#3 /workspaces/manga-cms/vendor/laravel/framework/src/Illuminate/Container/BoundMethod.php(36): App\\Console\\Commands\\TestStorage->handle()
#4 /workspaces/manga-cms/vendor/laravel/framework/src/Illuminate/Container/Util.php(41): Illuminate\\Container\\BoundMethod::Illuminate\\Container\\{closure}()
#5 /workspaces/manga-cms/vendor/laravel/framework/src/Illuminate/Container/BoundMethod.php(93): Illuminate\\Container\\Util::unwrapIfClosure(Object(Closure))
#6 /workspaces/manga-cms/vendor/laravel/framework/src/Illuminate/Container/BoundMethod.php(37): Illuminate\\Container\\BoundMethod::callBoundMethod(Object(Illuminate\\Foundation\\Application), Array, Object(Closure))
#7 /workspaces/manga-cms/vendor/laravel/framework/src/Illuminate/Container/Container.php(651): Illuminate\\Container\\BoundMethod::call(Object(Illuminate\\Foundation\\Application), Array, Array, NULL)
#8 /workspaces/manga-cms/vendor/laravel/framework/src/Illuminate/Console/Command.php(182): Illuminate\\Container\\Container->call(Array)
#9 /workspaces/manga-cms/vendor/symfony/console/Command/Command.php(291): Illuminate\\Console\\Command->execute(Object(Symfony\\Component\\Console\\Input\\ArgvInput), Object(Illuminate\\Console\\OutputStyle))
#10 /workspaces/manga-cms/vendor/laravel/framework/src/Illuminate/Console/Command.php(152): Symfony\\Component\\Console\\Command\\Command->run(Object(Symfony\\Component\\Console\\Input\\ArgvInput), Object(Illuminate\\Console\\OutputStyle))
#11 /workspaces/manga-cms/vendor/symfony/console/Application.php(1014): Illuminate\\Console\\Command->run(Object(Symfony\\Component\\Console\\Input\\ArgvInput), Object(Symfony\\Component\\Console\\Output\\ConsoleOutput))
#12 /workspaces/manga-cms/vendor/symfony/console/Application.php(301): Symfony\\Component\\Console\\Application->doRunCommand(Object(App\\Console\\Commands\\TestStorage), Object(Symfony\\Component\\Console\\Input\\ArgvInput), Object(Symfony\\Component\\Console\\Output\\ConsoleOutput))
#13 /workspaces/manga-cms/vendor/symfony/console/Application.php(171): Symfony\\Component\\Console\\Application->doRun(Object(Symfony\\Component\\Console\\Input\\ArgvInput), Object(Symfony\\Component\\Console\\Output\\ConsoleOutput))
#14 /workspaces/manga-cms/vendor/laravel/framework/src/Illuminate/Console/Application.php(102): Symfony\\Component\\Console\\Application->run(Object(Symfony\\Component\\Console\\Input\\ArgvInput), Object(Symfony\\Component\\Console\\Output\\ConsoleOutput))
#15 /workspaces/manga-cms/vendor/laravel/framework/src/Illuminate/Foundation/Console/Kernel.php(155): Illuminate\\Console\\Application->run(Object(Symfony\\Component\\Console\\Input\\ArgvInput), Object(Symfony\\Component\\Console\\Output\\ConsoleOutput))
#16 /workspaces/manga-cms/artisan(37): Illuminate\\Foundation\\Console\\Kernel->handle(Object(Symfony\\Component\\Console\\Input\\ArgvInput), Object(Symfony\\Component\\Console\\Output\\ConsoleOutput))
#17 {main}
"} 
[2022-12-30 13:01:57] local.ERROR: filesize(): Argument #1 ($filename) must be of type string, array given {"exception":"[object] (TypeError(code: 0): filesize(): Argument #1 ($filename) must be of type string, array given at /workspaces/manga-cms/Modules/Storage/Services/Blogger.php:159)
[stacktrace]
#0 /workspaces/manga-cms/Modules/Storage/Services/Blogger.php(159): filesize(Array)
#1 /workspaces/manga-cms/Modules/Storage/Services/Blogger.php(61): Modules\\Storage\\Services\\Blogger->getPutInfoUrls(Array)
#2 /workspaces/manga-cms/app/Console/Commands/TestStorage.php(34): Modules\\Storage\\Services\\Blogger->multiUploadFile(Array)
#3 /workspaces/manga-cms/vendor/laravel/framework/src/Illuminate/Container/BoundMethod.php(36): App\\Console\\Commands\\TestStorage->handle()
#4 /workspaces/manga-cms/vendor/laravel/framework/src/Illuminate/Container/Util.php(41): Illuminate\\Container\\BoundMethod::Illuminate\\Container\\{closure}()
#5 /workspaces/manga-cms/vendor/laravel/framework/src/Illuminate/Container/BoundMethod.php(93): Illuminate\\Container\\Util::unwrapIfClosure(Object(Closure))
#6 /workspaces/manga-cms/vendor/laravel/framework/src/Illuminate/Container/BoundMethod.php(37): Illuminate\\Container\\BoundMethod::callBoundMethod(Object(Illuminate\\Foundation\\Application), Array, Object(Closure))
#7 /workspaces/manga-cms/vendor/laravel/framework/src/Illuminate/Container/Container.php(651): Illuminate\\Container\\BoundMethod::call(Object(Illuminate\\Foundation\\Application), Array, Array, NULL)
#8 /workspaces/manga-cms/vendor/laravel/framework/src/Illuminate/Console/Command.php(182): Illuminate\\Container\\Container->call(Array)
#9 /workspaces/manga-cms/vendor/symfony/console/Command/Command.php(291): Illuminate\\Console\\Command->execute(Object(Symfony\\Component\\Console\\Input\\ArgvInput), Object(Illuminate\\Console\\OutputStyle))
#10 /workspaces/manga-cms/vendor/laravel/framework/src/Illuminate/Console/Command.php(152): Symfony\\Component\\Console\\Command\\Command->run(Object(Symfony\\Component\\Console\\Input\\ArgvInput), Object(Illuminate\\Console\\OutputStyle))
#11 /workspaces/manga-cms/vendor/symfony/console/Application.php(1014): Illuminate\\Console\\Command->run(Object(Symfony\\Component\\Console\\Input\\ArgvInput), Object(Symfony\\Component\\Console\\Output\\ConsoleOutput))
#12 /workspaces/manga-cms/vendor/symfony/console/Application.php(301): Symfony\\Component\\Console\\Application->doRunCommand(Object(App\\Console\\Commands\\TestStorage), Object(Symfony\\Component\\Console\\Input\\ArgvInput), Object(Symfony\\Component\\Console\\Output\\ConsoleOutput))
#13 /workspaces/manga-cms/vendor/symfony/console/Application.php(171): Symfony\\Component\\Console\\Application->doRun(Object(Symfony\\Component\\Console\\Input\\ArgvInput), Object(Symfony\\Component\\Console\\Output\\ConsoleOutput))
#14 /workspaces/manga-cms/vendor/laravel/framework/src/Illuminate/Console/Application.php(102): Symfony\\Component\\Console\\Application->run(Object(Symfony\\Component\\Console\\Input\\ArgvInput), Object(Symfony\\Component\\Console\\Output\\ConsoleOutput))
#15 /workspaces/manga-cms/vendor/laravel/framework/src/Illuminate/Foundation/Console/Kernel.php(155): Illuminate\\Console\\Application->run(Object(Symfony\\Component\\Console\\Input\\ArgvInput), Object(Symfony\\Component\\Console\\Output\\ConsoleOutput))
#16 /workspaces/manga-cms/artisan(37): Illuminate\\Foundation\\Console\\Kernel->handle(Object(Symfony\\Component\\Console\\Input\\ArgvInput), Object(Symfony\\Component\\Console\\Output\\ConsoleOutput))
#17 {main}
"} 
[2022-12-30 13:13:16] local.ERROR: Module [] does not exist! {"exception":"[object] (Nwidart\\Modules\\Exceptions\\ModuleNotFoundException(code: 0): Module [] does not exist! at /workspaces/manga-cms/vendor/nwidart/laravel-modules/src/FileRepository.php:366)
[stacktrace]
#0 /workspaces/manga-cms/vendor/nwidart/laravel-modules/src/FileRepository.php(464): Nwidart\\Modules\\FileRepository->findOrFail('')
#1 /workspaces/manga-cms/vendor/nwidart/laravel-modules/src/Traits/ModuleCommandTrait.php(14): Nwidart\\Modules\\FileRepository->getUsedNow()
#2 /workspaces/manga-cms/vendor/nwidart/laravel-modules/src/Commands/ControllerMakeCommand.php(44): Nwidart\\Modules\\Commands\\ControllerMakeCommand->getModuleName()
#3 /workspaces/manga-cms/vendor/nwidart/laravel-modules/src/Commands/GeneratorCommand.php(37): Nwidart\\Modules\\Commands\\ControllerMakeCommand->getDestinationFilePath()
#4 /workspaces/manga-cms/vendor/laravel/framework/src/Illuminate/Container/BoundMethod.php(36): Nwidart\\Modules\\Commands\\GeneratorCommand->handle()
#5 /workspaces/manga-cms/vendor/laravel/framework/src/Illuminate/Container/Util.php(41): Illuminate\\Container\\BoundMethod::Illuminate\\Container\\{closure}()
#6 /workspaces/manga-cms/vendor/laravel/framework/src/Illuminate/Container/BoundMethod.php(93): Illuminate\\Container\\Util::unwrapIfClosure(Object(Closure))
#7 /workspaces/manga-cms/vendor/laravel/framework/src/Illuminate/Container/BoundMethod.php(37): Illuminate\\Container\\BoundMethod::callBoundMethod(Object(Illuminate\\Foundation\\Application), Array, Object(Closure))
#8 /workspaces/manga-cms/vendor/laravel/framework/src/Illuminate/Container/Container.php(651): Illuminate\\Container\\BoundMethod::call(Object(Illuminate\\Foundation\\Application), Array, Array, NULL)
#9 /workspaces/manga-cms/vendor/laravel/framework/src/Illuminate/Console/Command.php(182): Illuminate\\Container\\Container->call(Array)
#10 /workspaces/manga-cms/vendor/symfony/console/Command/Command.php(291): Illuminate\\Console\\Command->execute(Object(Symfony\\Component\\Console\\Input\\ArgvInput), Object(Illuminate\\Console\\OutputStyle))
#11 /workspaces/manga-cms/vendor/laravel/framework/src/Illuminate/Console/Command.php(152): Symfony\\Component\\Console\\Command\\Command->run(Object(Symfony\\Component\\Console\\Input\\ArgvInput), Object(Illuminate\\Console\\OutputStyle))
#12 /workspaces/manga-cms/vendor/symfony/console/Application.php(1014): Illuminate\\Console\\Command->run(Object(Symfony\\Component\\Console\\Input\\ArgvInput), Object(Symfony\\Component\\Console\\Output\\ConsoleOutput))
#13 /workspaces/manga-cms/vendor/symfony/console/Application.php(301): Symfony\\Component\\Console\\Application->doRunCommand(Object(Nwidart\\Modules\\Commands\\ControllerMakeCommand), Object(Symfony\\Component\\Console\\Input\\ArgvInput), Object(Symfony\\Component\\Console\\Output\\ConsoleOutput))
#14 /workspaces/manga-cms/vendor/symfony/console/Application.php(171): Symfony\\Component\\Console\\Application->doRun(Object(Symfony\\Component\\Console\\Input\\ArgvInput), Object(Symfony\\Component\\Console\\Output\\ConsoleOutput))
#15 /workspaces/manga-cms/vendor/laravel/framework/src/Illuminate/Console/Application.php(102): Symfony\\Component\\Console\\Application->run(Object(Symfony\\Component\\Console\\Input\\ArgvInput), Object(Symfony\\Component\\Console\\Output\\ConsoleOutput))
#16 /workspaces/manga-cms/vendor/laravel/framework/src/Illuminate/Foundation/Console/Kernel.php(155): Illuminate\\Console\\Application->run(Object(Symfony\\Component\\Console\\Input\\ArgvInput), Object(Symfony\\Component\\Console\\Output\\ConsoleOutput))
#17 /workspaces/manga-cms/artisan(37): Illuminate\\Foundation\\Console\\Kernel->handle(Object(Symfony\\Component\\Console\\Input\\ArgvInput), Object(Symfony\\Component\\Console\\Output\\ConsoleOutput))
#18 {main}
"} 
[2022-12-30 13:30:06] local.ERROR: Undefined array key 1 {"exception":"[object] (ErrorException(code: 0): Undefined array key 1 at /workspaces/manga-cms/Modules/Storage/Services/Blogger.php:216)
[stacktrace]
#0 /workspaces/manga-cms/vendor/laravel/framework/src/Illuminate/Foundation/Bootstrap/HandleExceptions.php(266): Illuminate\\Foundation\\Bootstrap\\HandleExceptions->handleError(2, 'Undefined array...', '/workspaces/man...', 216)
#1 /workspaces/manga-cms/Modules/Storage/Services/Blogger.php(216): Illuminate\\Foundation\\Bootstrap\\HandleExceptions->Illuminate\\Foundation\\Bootstrap\\{closure}(2, 'Undefined array...', '/workspaces/man...', 216)
#2 /workspaces/manga-cms/app/Console/Commands/TestStorage.php(35): Modules\\Storage\\Services\\Blogger->getDownloadUrl('https://get.goo...')
#3 /workspaces/manga-cms/vendor/laravel/framework/src/Illuminate/Container/BoundMethod.php(36): App\\Console\\Commands\\TestStorage->handle()
#4 /workspaces/manga-cms/vendor/laravel/framework/src/Illuminate/Container/Util.php(41): Illuminate\\Container\\BoundMethod::Illuminate\\Container\\{closure}()
#5 /workspaces/manga-cms/vendor/laravel/framework/src/Illuminate/Container/BoundMethod.php(93): Illuminate\\Container\\Util::unwrapIfClosure(Object(Closure))
#6 /workspaces/manga-cms/vendor/laravel/framework/src/Illuminate/Container/BoundMethod.php(37): Illuminate\\Container\\BoundMethod::callBoundMethod(Object(Illuminate\\Foundation\\Application), Array, Object(Closure))
#7 /workspaces/manga-cms/vendor/laravel/framework/src/Illuminate/Container/Container.php(651): Illuminate\\Container\\BoundMethod::call(Object(Illuminate\\Foundation\\Application), Array, Array, NULL)
#8 /workspaces/manga-cms/vendor/laravel/framework/src/Illuminate/Console/Command.php(182): Illuminate\\Container\\Container->call(Array)
#9 /workspaces/manga-cms/vendor/symfony/console/Command/Command.php(291): Illuminate\\Console\\Command->execute(Object(Symfony\\Component\\Console\\Input\\ArgvInput), Object(Illuminate\\Console\\OutputStyle))
#10 /workspaces/manga-cms/vendor/laravel/framework/src/Illuminate/Console/Command.php(152): Symfony\\Component\\Console\\Command\\Command->run(Object(Symfony\\Component\\Console\\Input\\ArgvInput), Object(Illuminate\\Console\\OutputStyle))
#11 /workspaces/manga-cms/vendor/symfony/console/Application.php(1014): Illuminate\\Console\\Command->run(Object(Symfony\\Component\\Console\\Input\\ArgvInput), Object(Symfony\\Component\\Console\\Output\\ConsoleOutput))
#12 /workspaces/manga-cms/vendor/symfony/console/Application.php(301): Symfony\\Component\\Console\\Application->doRunCommand(Object(App\\Console\\Commands\\TestStorage), Object(Symfony\\Component\\Console\\Input\\ArgvInput), Object(Symfony\\Component\\Console\\Output\\ConsoleOutput))
#13 /workspaces/manga-cms/vendor/symfony/console/Application.php(171): Symfony\\Component\\Console\\Application->doRun(Object(Symfony\\Component\\Console\\Input\\ArgvInput), Object(Symfony\\Component\\Console\\Output\\ConsoleOutput))
#14 /workspaces/manga-cms/vendor/laravel/framework/src/Illuminate/Console/Application.php(102): Symfony\\Component\\Console\\Application->run(Object(Symfony\\Component\\Console\\Input\\ArgvInput), Object(Symfony\\Component\\Console\\Output\\ConsoleOutput))
#15 /workspaces/manga-cms/vendor/laravel/framework/src/Illuminate/Foundation/Console/Kernel.php(155): Illuminate\\Console\\Application->run(Object(Symfony\\Component\\Console\\Input\\ArgvInput), Object(Symfony\\Component\\Console\\Output\\ConsoleOutput))
#16 /workspaces/manga-cms/artisan(37): Illuminate\\Foundation\\Console\\Kernel->handle(Object(Symfony\\Component\\Console\\Input\\ArgvInput), Object(Symfony\\Component\\Console\\Output\\ConsoleOutput))
#17 {main}
"} 
